#
# There is insufficient memory for the Java Runtime Environment to continue.
# Native memory allocation (malloc) failed to allocate 1048576 bytes for AllocateHeap
# Possible reasons:
#   The system is out of physical RAM or swap space
#   In 32 bit mode, the process size limit was hit
# Possible solutions:
#   Reduce memory load on the system
#   Increase physical memory or swap space
#   Check if swap backing store is full
#   Use 64 bit Java on a 64 bit OS
#   Decrease Java heap size (-Xmx/-Xms)
#   Decrease number of Java threads
#   Decrease Java thread stack sizes (-Xss)
#   Set larger code cache with -XX:ReservedCodeCacheSize=
# This output file may be truncated or incomplete.
#
#  Out of Memory Error (memory/allocation.inline.hpp:61), pid=13316, tid=0x0000000000002f2c
#
# JRE version:  (8.0_111-b14) (build )
# Java VM: Java HotSpot(TM) 64-Bit Server VM (25.111-b14 mixed mode windows-amd64 compressed oops)
# Failed to write core dump. Minidumps are not enabled by default on client versions of Windows
#

---------------  T H R E A D  ---------------

Current thread (0x0000000000f6e000):  JavaThread "Unknown thread" [_thread_in_vm, id=12076, stack(0x00000000027c0000,0x00000000028c0000)]

Stack: [0x00000000027c0000,0x00000000028c0000]
[error occurred during error reporting (printing stack bounds), id 0xc0000005]

Native frames: (J=compiled Java code, j=interpreted, Vv=VM code, C=native code)


---------------  P R O C E S S  ---------------

Java Threads: ( => current thread )

Other Threads:

=>0x0000000000f6e000 (exited) JavaThread "Unknown thread" [_thread_in_vm, id=12076, stack(0x00000000027c0000,0x00000000028c0000)]

VM state:not at safepoint (normal execution)

VM Mutex/Monitor currently owned by a thread: None

Heap:
 PSYoungGen      total 57344K, used 983K [0x0000000780a00000, 0x0000000784a00000, 0x00000007c0000000)
  eden space 49152K, 2% used [0x0000000780a00000,0x0000000780af5c38,0x0000000783a00000)
  from space 8192K, 0% used [0x0000000784200000,0x0000000784200000,0x0000000784a00000)
  to   space 8192K, 0% used [0x0000000783a00000,0x0000000783a00000,0x0000000784200000)
 ParOldGen       total 131072K, used 0K [0x0000000701e00000, 0x0000000709e00000, 0x0000000780a00000)
  object space 131072K, 0% used [0x0000000701e00000,0x0000000701e00000,0x0000000709e00000)
 Metaspace       used 770K, capacity 4480K, committed 4480K, reserved 1056768K
  class space    used 75K, capacity 384K, committed 384K, reserved 1048576K

Card table byte_map: [0x0000000011e60000,0x0000000012460000] byte_map_base: 0x000000000e651000

Marking Bits: (ParMarkBitMap*) 0x0000000068d6a6c0
 Begin Bits: [0x0000000012c60000, 0x0000000015be8000)
 End Bits:   [0x0000000015be8000, 0x0000000018b70000)

Polling page: 0x0000000000a40000

CodeCache: size=245760Kb used=328Kb max_used=328Kb free=245431Kb
 bounds [0x0000000002aa0000, 0x0000000002d10000, 0x0000000011aa0000]
 total_blobs=58 nmethods=0 adapters=38
 compilation: enabled

Compilation events (0 events):
No events

GC Heap History (0 events):
No events

Deoptimization events (0 events):
No events

Internal exceptions (0 events):
No events

Events (10 events):
Event: 0.022 loading class java/lang/Short
Event: 0.022 loading class java/lang/Short done
Event: 0.022 loading class java/lang/Integer
Event: 0.022 loading class java/lang/Integer done
Event: 0.022 loading class java/lang/Long
Event: 0.022 loading class java/lang/Long done
Event: 0.023 loading class java/lang/NullPointerException
Event: 0.023 loading class java/lang/NullPointerException done
Event: 0.023 loading class java/lang/ArithmeticException
Event: 0.023 loading class java/lang/ArithmeticException done


Dynamic libraries:
0x00007ff6e6370000 - 0x00007ff6e63a7000 	C:\Program Files\Java\jdk1.8.0_111\bin\java.exe
0x00007ffb68f20000 - 0x00007ffb69110000 	C:\Windows\SYSTEM32\ntdll.dll
0x00007ffb67f30000 - 0x00007ffb67fe2000 	C:\Windows\System32\KERNEL32.DLL
0x00007ffb66a00000 - 0x00007ffb66ca3000 	C:\Windows\System32\KERNELBASE.dll
0x00007ffb671a0000 - 0x00007ffb67243000 	C:\Windows\System32\ADVAPI32.dll
0x00007ffb68320000 - 0x00007ffb683be000 	C:\Windows\System32\msvcrt.dll
0x00007ffb683c0000 - 0x00007ffb68457000 	C:\Windows\System32\sechost.dll
0x00007ffb67ff0000 - 0x00007ffb68110000 	C:\Windows\System32\RPCRT4.dll
0x00007ffb672c0000 - 0x00007ffb67454000 	C:\Windows\System32\USER32.dll
0x00007ffb66790000 - 0x00007ffb667b1000 	C:\Windows\System32\win32u.dll
0x00007ffb68210000 - 0x00007ffb68236000 	C:\Windows\System32\GDI32.dll
0x00007ffb66860000 - 0x00007ffb669f4000 	C:\Windows\System32\gdi32full.dll
0x00007ffb667c0000 - 0x00007ffb6685e000 	C:\Windows\System32\msvcp_win.dll
0x00007ffb65eb0000 - 0x00007ffb65faa000 	C:\Windows\System32\ucrtbase.dll
0x00007ffb4f860000 - 0x00007ffb4fae5000 	C:\Windows\WinSxS\amd64_microsoft.windows.common-controls_6595b64144ccf1df_6.0.18362.720_none_e6beb5c51314836b\COMCTL32.dll
0x00007ffb67a10000 - 0x00007ffb67d46000 	C:\Windows\System32\combase.dll
0x00007ffb66d00000 - 0x00007ffb66d80000 	C:\Windows\System32\bcryptPrimitives.dll
0x00007ffb678d0000 - 0x00007ffb678fe000 	C:\Windows\System32\IMM32.DLL
0x0000000068470000 - 0x0000000068542000 	C:\Program Files\Java\jdk1.8.0_111\jre\bin\msvcr100.dll
0x0000000068550000 - 0x0000000068dea000 	C:\Program Files\Java\jdk1.8.0_111\jre\bin\server\jvm.dll
0x00007ffb68180000 - 0x00007ffb68188000 	C:\Windows\System32\PSAPI.DLL
0x00007ffb60f00000 - 0x00007ffb60f0a000 	C:\Windows\SYSTEM32\VERSION.dll
0x00007ffb62bd0000 - 0x00007ffb62bf4000 	C:\Windows\SYSTEM32\WINMM.dll
0x00007ffb62110000 - 0x00007ffb62119000 	C:\Windows\SYSTEM32\WSOCK32.dll
0x00007ffb67d50000 - 0x00007ffb67dbf000 	C:\Windows\System32\WS2_32.dll
0x00007ffb62ba0000 - 0x00007ffb62bcd000 	C:\Windows\SYSTEM32\winmmbase.dll
0x00007ffb66d80000 - 0x00007ffb66dca000 	C:\Windows\System32\cfgmgr32.dll
0x0000000068420000 - 0x000000006842f000 	C:\Program Files\Java\jdk1.8.0_111\jre\bin\verify.dll
0x00000000683f0000 - 0x0000000068419000 	C:\Program Files\Java\jdk1.8.0_111\jre\bin\java.dll
0x00000000683d0000 - 0x00000000683e6000 	C:\Program Files\Java\jdk1.8.0_111\jre\bin\zip.dll

VM Arguments:
jvm_args: -Dfile.encoding=UTF-8 
java_command: GUI.principal
java_class_path (initial): C:\Users\Bryan\Documents\NetBeansProjects\poyecto-utomatas2\build\classes
Launcher Type: SUN_STANDARD

Environment Variables:
PATH=C:\Program Files\Python37\Scripts\;C:\Program Files\Python37\;C:\ProgramData\Oracle\Java\javapath;C:\Windows\system32;C:\Windows;C:\Windows\System32\Wbem;C:\Windows\System32\WindowsPowerShell\v1.0\;C:\Windows\System32\OpenSSH\;C:\Program Files\dotnet\;C:\Program Files\Microsoft SQL Server\130\Tools\Binn\;C:\Program Files\Microsoft SQL Server\Client SDK\ODBC\170\Tools\Binn\;C:\Program Files\MATLAB\R2015b\runtime\win64;C:\Program Files\MATLAB\R2015b\bin;C:\Program Files\MATLAB\R2015b\polyspace\bin;C:\Program Files (x86)\IVI Foundation\VISA\WinNT\Bin\;C:\Program Files\IVI Foundation\VISA\Win64\Bin\;C:\Program Files (x86)\IVI Foundation\VISA\WinNT\Bin;C:\Program Files\Git\cmd;C:\Program Files\Microsoft SQL Server\Client SDK\ODBC\130\Tools\Binn\;C:\Program Files (x86)\Microsoft SQL Server\140\Tools\Binn\;C:\Program Files\Microsoft SQL Server\140\Tools\Binn\;C:\Program Files\Microsoft SQL Server\140\DTS\Binn\;C:\Program Files (x86)\Microsoft SQL Server\150\DTS\Binn\;C:\Program Files (x86)\NVIDIA Corporation\PhysX\Common;C:\Program Files\NVIDIA Corporation\NVIDIA NvDLISR;C:\Program Files\nodejs\;C:\Program Files\Sublime Text 3;C:\Program Files\MongoDB\Server\4.2;C:\Ruby27-x64\bin;C:\Users\Bryan\AppData\Local\Programs\Python\Python37-32\Scripts\;C:\Users\Bryan\AppData\Local\Programs\Python\Python37-32\;C:\Users\Bryan\AppData\Local\Microsoft\WindowsApps;C:\Users\Bryan\AppData\Local\Programs\Microsoft VS Code\bin;C:\Program Files\JetBrains\PyCharm Community Edition 2019.2.1\bin;;C:\Users\Bryan\AppData\Roaming\npm;C:\Program Files\MongoDB\Server\4.2\bin;
USERNAME=Bryan
OS=Windows_NT
PROCESSOR_IDENTIFIER=Intel64 Family 6 Model 78 Stepping 3, GenuineIntel



---------------  S Y S T E M  ---------------

OS: Windows 10.0 , 64 bit Build 18362 (10.0.18362.329)

CPU:total 4 (2 cores per cpu, 2 threads per core) family 6 model 78 stepping 3, cmov, cx8, fxsr, mmx, sse, sse2, sse3, ssse3, sse4.1, sse4.2, popcnt, avx, avx2, aes, clmul, erms, 3dnowpref, lzcnt, ht, tsc, tscinvbit, bmi1, bmi2, adx

Memory: 4k page, physical 12459424k(3292056k free), swap 12459424k(6084k free)

vm_info: Java HotSpot(TM) 64-Bit Server VM (25.111-b14) for windows-amd64 JRE (1.8.0_111-b14), built on Sep 22 2016 19:24:05 by "java_re" with MS VC++ 10.0 (VS2010)

time: Tue Mar 17 00:22:07 2020
elapsed time: 0 seconds (0d 0h 0m 0s)

