#
# There is insufficient memory for the Java Runtime Environment to continue.
# Native memory allocation (malloc) failed to allocate 187536 bytes for Chunk::new
# Possible reasons:
#   The system is out of physical RAM or swap space
#   In 32 bit mode, the process size limit was hit
# Possible solutions:
#   Reduce memory load on the system
#   Increase physical memory or swap space
#   Check if swap backing store is full
#   Use 64 bit Java on a 64 bit OS
#   Decrease Java heap size (-Xmx/-Xms)
#   Decrease number of Java threads
#   Decrease Java thread stack sizes (-Xss)
#   Set larger code cache with -XX:ReservedCodeCacheSize=
# This output file may be truncated or incomplete.
#
#  Out of Memory Error (allocation.cpp:390), pid=7444, tid=0x0000000000000ccc
#
# JRE version: Java(TM) SE Runtime Environment (8.0_111-b14) (build 1.8.0_111-b14)
# Java VM: Java HotSpot(TM) 64-Bit Server VM (25.111-b14 mixed mode windows-amd64 compressed oops)
# Failed to write core dump. Minidumps are not enabled by default on client versions of Windows
#

---------------  T H R E A D  ---------------

Current thread (0x00000000195b1800):  JavaThread "C2 CompilerThread0" daemon [_thread_in_native, id=3276, stack(0x000000001ac40000,0x000000001ad40000)]

Stack: [0x000000001ac40000,0x000000001ad40000]
[error occurred during error reporting (printing stack bounds), id 0xc0000005]

Native frames: (J=compiled Java code, j=interpreted, Vv=VM code, C=native code)


Current CompileTask:
C2:  12289 1672 %     4       GUI.PanelDibujo::paintComponent @ 28 (234 bytes)


---------------  P R O C E S S  ---------------

Java Threads: ( => current thread )
  0x000000001bc59000 JavaThread "Java Sound Event Dispatcher" daemon [_thread_blocked, id=15140, stack(0x000000001f840000,0x000000001f940000)]
  0x000000001bb85000 JavaThread "TimerQueue" daemon [_thread_blocked, id=10452, stack(0x000000001e1a0000,0x000000001e2a0000)]
  0x000000001b7d2000 JavaThread "Thread-5" [_thread_blocked, id=9160, stack(0x000000001d7a0000,0x000000001d8a0000)]
  0x000000001b7d8800 JavaThread "Thread-3" [_thread_blocked, id=6956, stack(0x000000001cc30000,0x000000001cd30000)]
  0x000000001b7d7800 JavaThread "Thread-2" [_thread_blocked, id=7404, stack(0x000000001cb30000,0x000000001cc30000)]
  0x000000001b81e800 JavaThread "Thread-1" [_thread_blocked, id=8632, stack(0x000000001ca30000,0x000000001cb30000)]
  0x000000000253e000 JavaThread "DestroyJavaVM" [_thread_blocked, id=1960, stack(0x0000000002270000,0x0000000002370000)]
  0x000000001b31d000 JavaThread "AWT-EventQueue-0" [_thread_in_native, id=9020, stack(0x000000001c730000,0x000000001c830000)]
  0x000000001b310000 JavaThread "AWT-Windows" daemon [_thread_in_native, id=3560, stack(0x000000001c0b0000,0x000000001c1b0000)]
  0x000000001b30c800 JavaThread "AWT-Shutdown" [_thread_blocked, id=11960, stack(0x000000001bfb0000,0x000000001c0b0000)]
  0x000000001b6f3000 JavaThread "Java2D Disposer" daemon [_thread_blocked, id=12344, stack(0x000000001beb0000,0x000000001bfb0000)]
  0x000000001af98800 JavaThread "Service Thread" daemon [_thread_blocked, id=3452, stack(0x000000001b340000,0x000000001b440000)]
  0x00000000195c1800 JavaThread "C1 CompilerThread2" daemon [_thread_blocked, id=2992, stack(0x000000001ae40000,0x000000001af40000)]
  0x00000000195b4000 JavaThread "C2 CompilerThread1" daemon [_thread_blocked, id=14244, stack(0x000000001ad40000,0x000000001ae40000)]
=>0x00000000195b1800 JavaThread "C2 CompilerThread0" daemon [_thread_in_native, id=3276, stack(0x000000001ac40000,0x000000001ad40000)]
  0x00000000195ad000 JavaThread "Attach Listener" daemon [_thread_blocked, id=16264, stack(0x000000001ab40000,0x000000001ac40000)]
  0x00000000195aa000 JavaThread "Signal Dispatcher" daemon [_thread_blocked, id=10636, stack(0x000000001aa40000,0x000000001ab40000)]
  0x000000000247a000 JavaThread "Finalizer" daemon [_thread_blocked, id=11660, stack(0x000000001a820000,0x000000001a920000)]
  0x0000000002471000 JavaThread "Reference Handler" daemon [_thread_blocked, id=15072, stack(0x000000001a720000,0x000000001a820000)]

Other Threads:
  0x0000000019577000 VMThread [stack: 0x000000001a620000,0x000000001a720000] [id=5128]
  0x000000001af9b800 WatcherThread [stack: 0x000000001b440000,0x000000001b540000] [id=9136]

VM state:not at safepoint (normal execution)

VM Mutex/Monitor currently owned by a thread: None

Heap:
 PSYoungGen      total 57344K, used 30963K [0x0000000780a00000, 0x0000000784a00000, 0x00000007c0000000)
  eden space 49152K, 62% used [0x0000000780a00000,0x000000078283cfa8,0x0000000783a00000)
  from space 8192K, 0% used [0x0000000784200000,0x0000000784200000,0x0000000784a00000)
  to   space 8192K, 0% used [0x0000000783a00000,0x0000000783a00000,0x0000000784200000)
 ParOldGen       total 131072K, used 0K [0x0000000701e00000, 0x0000000709e00000, 0x0000000780a00000)
  object space 131072K, 0% used [0x0000000701e00000,0x0000000701e00000,0x0000000709e00000)
 Metaspace       used 14240K, capacity 14530K, committed 14720K, reserved 1062912K
  class space    used 1793K, capacity 1873K, committed 1920K, reserved 1048576K

Card table byte_map: [0x0000000011900000,0x0000000011f00000] byte_map_base: 0x000000000e0f1000

Marking Bits: (ParMarkBitMap*) 0x0000000068d6a6c0
 Begin Bits: [0x0000000012700000, 0x0000000015688000)
 End Bits:   [0x0000000015688000, 0x0000000018610000)

Polling page: 0x0000000000580000

CodeCache: size=245760Kb used=5438Kb max_used=5442Kb free=240321Kb
 bounds [0x0000000002540000, 0x0000000002aa0000, 0x0000000011540000]
 total_blobs=2181 nmethods=1671 adapters=422
 compilation: enabled

Compilation events (10 events):
Event: 12.226 Thread 0x00000000195c1800 1668       3       java.lang.Integer::parseInt (7 bytes)
Event: 12.226 Thread 0x00000000195c1800 nmethod 1668 0x0000000002a7e710 code [0x0000000002a7e880, 0x0000000002a7e9e8]
Event: 12.231 Thread 0x00000000195b4000 nmethod 1667 0x0000000002a93a90 code [0x0000000002a93be0, 0x0000000002a93f58]
Event: 12.266 Thread 0x00000000195c1800 1669       3       sun.awt.image.SunVolatileImage::validate (9 bytes)
Event: 12.266 Thread 0x00000000195c1800 nmethod 1669 0x0000000002a93610 code [0x0000000002a93780, 0x0000000002a939a8]
Event: 12.266 Thread 0x00000000195c1800 1670   !   3       sun.awt.image.VolatileSurfaceManager::validate (204 bytes)
Event: 12.267 Thread 0x00000000195c1800 nmethod 1670 0x0000000002a920d0 code [0x0000000002a92300, 0x0000000002a932a8]
Event: 12.268 Thread 0x00000000195c1800 1671   !   3       javax.swing.JComponent::recycleRectangle (27 bytes)
Event: 12.269 Thread 0x00000000195c1800 nmethod 1671 0x0000000002a91a50 code [0x0000000002a91bc0, 0x0000000002a91f88]
Event: 12.274 Thread 0x00000000195b1800 1672 %     4       GUI.PanelDibujo::paintComponent @ 28 (234 bytes)

GC Heap History (0 events):
No events

Deoptimization events (10 events):
Event: 1.336 Thread 0x000000001b31d000 Uncommon trap: reason=unstable_if action=reinterpret pc=0x00000000028215a0 method=java.awt.Component.inside(II)Z @ 13
Event: 2.387 Thread 0x000000001b31d000 Uncommon trap: reason=unstable_if action=reinterpret pc=0x000000000272393c method=java.lang.String.<init>([CII)V @ 18
Event: 2.387 Thread 0x000000001b31d000 Uncommon trap: reason=class_check action=maybe_recompile pc=0x00000000026ade90 method=java.lang.String.equals(Ljava/lang/Object;)Z @ 8
Event: 2.387 Thread 0x000000001b31d000 Uncommon trap: reason=class_check action=maybe_recompile pc=0x00000000026ade90 method=java.lang.String.equals(Ljava/lang/Object;)Z @ 8
Event: 2.993 Thread 0x000000001b31d000 Uncommon trap: reason=class_check action=maybe_recompile pc=0x00000000026ade90 method=java.lang.String.equals(Ljava/lang/Object;)Z @ 8
Event: 2.993 Thread 0x000000001b31d000 Uncommon trap: reason=class_check action=maybe_recompile pc=0x00000000026ade90 method=java.lang.String.equals(Ljava/lang/Object;)Z @ 8
Event: 8.340 Thread 0x000000001b31d000 Uncommon trap: reason=class_check action=maybe_recompile pc=0x00000000029a8e70 method=java.awt.Container.getMouseEventTargetImpl(IIZLjava/awt/Container$EventTargetFilter;ZZ)Ljava/awt/Component; @ 191
Event: 8.341 Thread 0x000000001b31d000 Uncommon trap: reason=class_check action=maybe_recompile pc=0x00000000029a8e70 method=java.awt.Container.getMouseEventTargetImpl(IIZLjava/awt/Container$EventTargetFilter;ZZ)Ljava/awt/Component; @ 191
Event: 8.342 Thread 0x000000001b31d000 Uncommon trap: reason=class_check action=maybe_recompile pc=0x00000000029a8e70 method=java.awt.Container.getMouseEventTargetImpl(IIZLjava/awt/Container$EventTargetFilter;ZZ)Ljava/awt/Component; @ 191
Event: 8.344 Thread 0x000000001b31d000 Uncommon trap: reason=class_check action=maybe_recompile pc=0x00000000029a8e70 method=java.awt.Container.getMouseEventTargetImpl(IIZLjava/awt/Container$EventTargetFilter;ZZ)Ljava/awt/Component; @ 191

Internal exceptions (10 events):
Event: 0.319 Thread 0x000000000253e000 Exception <a 'java/lang/ClassNotFoundException': ToolBar> (0x0000000780dbda48) thrown at [C:\re\workspace\8-2-build-windows-amd64-cygwin\jdk8u111\7883\hotspot\src\share\vm\classfile\systemDictionary.cpp, line 210]
Event: 0.320 Thread 0x000000000253e000 Exception <a 'java/lang/ClassNotFoundException': ToggleButton> (0x0000000780dbdff8) thrown at [C:\re\workspace\8-2-build-windows-amd64-cygwin\jdk8u111\7883\hotspot\src\share\vm\classfile\systemDictionary.cpp, line 210]
Event: 0.320 Thread 0x000000000253e000 Exception <a 'java/lang/ClassNotFoundException': javax/swing/JToolBarSeparator> (0x0000000780dbe458) thrown at [C:\re\workspace\8-2-build-windows-amd64-cygwin\jdk8u111\7883\hotspot\src\share\vm\classfile\systemDictionary.cpp, line 210]
Event: 0.320 Thread 0x000000000253e000 Exception <a 'java/lang/ClassNotFoundException': ToolBarSeparator> (0x0000000780dbe8f0) thrown at [C:\re\workspace\8-2-build-windows-amd64-cygwin\jdk8u111\7883\hotspot\src\share\vm\classfile\systemDictionary.cpp, line 210]
Event: 0.320 Thread 0x000000000253e000 Exception <a 'java/lang/ClassNotFoundException': ToolTip> (0x0000000780dbf030) thrown at [C:\re\workspace\8-2-build-windows-amd64-cygwin\jdk8u111\7883\hotspot\src\share\vm\classfile\systemDictionary.cpp, line 210]
Event: 0.321 Thread 0x000000000253e000 Exception <a 'java/lang/ClassNotFoundException': Tree> (0x0000000780dbfc50) thrown at [C:\re\workspace\8-2-build-windows-amd64-cygwin\jdk8u111\7883\hotspot\src\share\vm\classfile\systemDictionary.cpp, line 210]
Event: 0.321 Thread 0x000000000253e000 Exception <a 'java/lang/ClassNotFoundException': Tree> (0x0000000780dc0390) thrown at [C:\re\workspace\8-2-build-windows-amd64-cygwin\jdk8u111\7883\hotspot\src\share\vm\classfile\systemDictionary.cpp, line 210]
Event: 0.321 Thread 0x000000000253e000 Exception <a 'java/lang/ClassNotFoundException': javax/swing/JTreeCell> (0x0000000780dc0710) thrown at [C:\re\workspace\8-2-build-windows-amd64-cygwin\jdk8u111\7883\hotspot\src\share\vm\classfile\systemDictionary.cpp, line 210]
Event: 0.322 Thread 0x000000000253e000 Exception <a 'java/lang/ClassNotFoundException': TreeCell> (0x0000000780dc0b98) thrown at [C:\re\workspace\8-2-build-windows-amd64-cygwin\jdk8u111\7883\hotspot\src\share\vm\classfile\systemDictionary.cpp, line 210]
Event: 0.322 Thread 0x000000000253e000 Exception <a 'java/lang/ClassNotFoundException': RootPane> (0x0000000780dc15f8) thrown at [C:\re\workspace\8-2-build-windows-amd64-cygwin\jdk8u111\7883\hotspot\src\share\vm\classfile\systemDictionary.cpp, line 210]

Events (10 events):
Event: 11.888 loading class com/sun/media/sound/EventDispatcher done
Event: 11.889 Thread 0x000000001bc59000 Thread added: 0x000000001bc59000
Event: 11.889 Executing VM operation: RevokeBias
Event: 11.889 Executing VM operation: RevokeBias done
Event: 11.906 loading class javax/sound/sampled/LineUnavailableException
Event: 11.906 loading class javax/sound/sampled/LineUnavailableException done
Event: 11.906 loading class sun/misc/FDBigInteger
Event: 11.906 loading class sun/misc/FDBigInteger done
Event: 11.909 loading class java/awt/KeyboardFocusManager$4
Event: 11.909 loading class java/awt/KeyboardFocusManager$4 done


Dynamic libraries:
0x00007ff6e6370000 - 0x00007ff6e63a7000 	C:\Program Files\Java\jdk1.8.0_111\bin\java.exe
0x00007ffb68f20000 - 0x00007ffb69110000 	C:\Windows\SYSTEM32\ntdll.dll
0x00007ffb67f30000 - 0x00007ffb67fe2000 	C:\Windows\System32\KERNEL32.DLL
0x00007ffb66a00000 - 0x00007ffb66ca3000 	C:\Windows\System32\KERNELBASE.dll
0x00007ffb671a0000 - 0x00007ffb67243000 	C:\Windows\System32\ADVAPI32.dll
0x00007ffb68320000 - 0x00007ffb683be000 	C:\Windows\System32\msvcrt.dll
0x00007ffb683c0000 - 0x00007ffb68457000 	C:\Windows\System32\sechost.dll
0x00007ffb67ff0000 - 0x00007ffb68110000 	C:\Windows\System32\RPCRT4.dll
0x00007ffb672c0000 - 0x00007ffb67454000 	C:\Windows\System32\USER32.dll
0x00007ffb66790000 - 0x00007ffb667b1000 	C:\Windows\System32\win32u.dll
0x00007ffb68210000 - 0x00007ffb68236000 	C:\Windows\System32\GDI32.dll
0x00007ffb66860000 - 0x00007ffb669f4000 	C:\Windows\System32\gdi32full.dll
0x00007ffb667c0000 - 0x00007ffb6685e000 	C:\Windows\System32\msvcp_win.dll
0x00007ffb65eb0000 - 0x00007ffb65faa000 	C:\Windows\System32\ucrtbase.dll
0x00007ffb4f860000 - 0x00007ffb4fae5000 	C:\Windows\WinSxS\amd64_microsoft.windows.common-controls_6595b64144ccf1df_6.0.18362.720_none_e6beb5c51314836b\COMCTL32.dll
0x00007ffb67a10000 - 0x00007ffb67d46000 	C:\Windows\System32\combase.dll
0x00007ffb66d00000 - 0x00007ffb66d80000 	C:\Windows\System32\bcryptPrimitives.dll
0x00007ffb678d0000 - 0x00007ffb678fe000 	C:\Windows\System32\IMM32.DLL
0x0000000068470000 - 0x0000000068542000 	C:\Program Files\Java\jdk1.8.0_111\jre\bin\msvcr100.dll
0x0000000068550000 - 0x0000000068dea000 	C:\Program Files\Java\jdk1.8.0_111\jre\bin\server\jvm.dll
0x00007ffb68180000 - 0x00007ffb68188000 	C:\Windows\System32\PSAPI.DLL
0x00007ffb62bd0000 - 0x00007ffb62bf4000 	C:\Windows\SYSTEM32\WINMM.dll
0x00007ffb62110000 - 0x00007ffb62119000 	C:\Windows\SYSTEM32\WSOCK32.dll
0x00007ffb60f00000 - 0x00007ffb60f0a000 	C:\Windows\SYSTEM32\VERSION.dll
0x00007ffb67d50000 - 0x00007ffb67dbf000 	C:\Windows\System32\WS2_32.dll
0x00007ffb62ba0000 - 0x00007ffb62bcd000 	C:\Windows\SYSTEM32\WINMMBASE.dll
0x00007ffb66d80000 - 0x00007ffb66dca000 	C:\Windows\System32\cfgmgr32.dll
0x0000000068420000 - 0x000000006842f000 	C:\Program Files\Java\jdk1.8.0_111\jre\bin\verify.dll
0x00000000683f0000 - 0x0000000068419000 	C:\Program Files\Java\jdk1.8.0_111\jre\bin\java.dll
0x00000000683d0000 - 0x00000000683e6000 	C:\Program Files\Java\jdk1.8.0_111\jre\bin\zip.dll
0x00007ffb685e0000 - 0x00007ffb68cc5000 	C:\Windows\System32\SHELL32.dll
0x00007ffb67960000 - 0x00007ffb67a09000 	C:\Windows\System32\shcore.dll
0x00007ffb66010000 - 0x00007ffb66790000 	C:\Windows\System32\windows.storage.dll
0x00007ffb65e80000 - 0x00007ffb65ea3000 	C:\Windows\System32\profapi.dll
0x00007ffb65e10000 - 0x00007ffb65e5a000 	C:\Windows\System32\powrprof.dll
0x00007ffb65de0000 - 0x00007ffb65df0000 	C:\Windows\System32\UMPDC.dll
0x00007ffb67250000 - 0x00007ffb672a2000 	C:\Windows\System32\shlwapi.dll
0x00007ffb65e60000 - 0x00007ffb65e71000 	C:\Windows\System32\kernel.appcore.dll
0x00007ffb66cb0000 - 0x00007ffb66cc7000 	C:\Windows\System32\cryptsp.dll
0x00000000681f0000 - 0x0000000068388000 	C:\Program Files\Java\jdk1.8.0_111\jre\bin\awt.dll
0x00007ffb68cd0000 - 0x00007ffb68d94000 	C:\Windows\System32\OLEAUT32.dll
0x00007ffb640b0000 - 0x00007ffb6413f000 	C:\Windows\SYSTEM32\apphelp.dll
0x00007ffb644b0000 - 0x00007ffb64549000 	C:\Windows\system32\uxtheme.dll
0x00007ffb68da0000 - 0x00007ffb68ed6000 	C:\Windows\System32\MSCTF.dll
0x00007ffb67dd0000 - 0x00007ffb67f27000 	C:\Windows\System32\ole32.dll
0x00007ffb64690000 - 0x00007ffb646bd000 	C:\Windows\system32\DWMAPI.DLL
0x00000000681a0000 - 0x00000000681e7000 	C:\Program Files\Java\jdk1.8.0_111\jre\bin\fontmanager.dll
0x00007ffb68530000 - 0x00007ffb685d2000 	C:\Windows\System32\clbcatq.dll
0x00007ffb5dd20000 - 0x00007ffb5decf000 	C:\Windows\SYSTEM32\WindowsCodecs.dll
0x00007ffb4cb30000 - 0x00007ffb4cb6a000 	C:\Windows\system32\dataexchange.dll
0x00007ffb62c00000 - 0x00007ffb62e5b000 	C:\Windows\system32\d3d11.dll
0x00007ffb63950000 - 0x00007ffb63b2b000 	C:\Windows\system32\dcomp.dll
0x00007ffb64ae0000 - 0x00007ffb64bcb000 	C:\Windows\system32\dxgi.dll
0x00007ffb64a50000 - 0x00007ffb64a70000 	C:\Windows\SYSTEM32\dxcore.dll
0x00007ffb64160000 - 0x00007ffb643ba000 	C:\Windows\system32\twinapi.appcore.dll
0x00007ffb64660000 - 0x00007ffb64689000 	C:\Windows\system32\RMCLIENT.dll
0x00000000683b0000 - 0x00000000683ca000 	C:\Program Files\Java\jdk1.8.0_111\jre\bin\net.dll
0x00007ffb655f0000 - 0x00007ffb65657000 	C:\Windows\system32\mswsock.dll
0x0000000068390000 - 0x00000000683a1000 	C:\Program Files\Java\jdk1.8.0_111\jre\bin\nio.dll
0x0000000068150000 - 0x0000000068192000 	C:\Program Files\Java\jdk1.8.0_111\jre\bin\t2k.dll
0x00007ffb5fdc0000 - 0x00007ffb5fe5e000 	C:\Windows\System32\TextInputFramework.dll
0x00007ffb63b30000 - 0x00007ffb63c04000 	C:\Windows\System32\CoreMessaging.dll
0x00007ffb5f5f0000 - 0x00007ffb5f91a000 	C:\Windows\System32\CoreUIComponents.dll
0x00007ffb64e40000 - 0x00007ffb64e71000 	C:\Windows\SYSTEM32\ntmarta.dll
0x00007ffb61c00000 - 0x00007ffb61d53000 	C:\Windows\SYSTEM32\wintypes.dll
0x0000000068110000 - 0x000000006813a000 	C:\Program Files\Java\jdk1.8.0_111\jre\bin\dcpr.dll
0x00007ffb5c590000 - 0x00007ffb5c836000 	C:\Windows\System32\iertutil.dll
0x00000000680a0000 - 0x00000000680ac000 	C:\Program Files\Java\jdk1.8.0_111\jre\bin\jsound.dll
0x0000000068090000 - 0x000000006809b000 	C:\Program Files\Java\jdk1.8.0_111\jre\bin\jsoundds.dll
0x00007ffb47660000 - 0x00007ffb476f9000 	C:\Windows\SYSTEM32\DSOUND.dll
0x00007ffb60ab0000 - 0x00007ffb60b22000 	C:\Windows\SYSTEM32\MMDevAPI.DLL
0x00007ffb65b80000 - 0x00007ffb65baa000 	C:\Windows\SYSTEM32\DEVOBJ.dll
0x00007ffb5d3f0000 - 0x00007ffb5d434000 	C:\Windows\SYSTEM32\wdmaud.drv
0x00007ffb5fcd0000 - 0x00007ffb5fcda000 	C:\Windows\SYSTEM32\AVRT.dll
0x00007ffb614d0000 - 0x00007ffb614d9000 	C:\Windows\SYSTEM32\ksuser.dll
0x00007ffb60b90000 - 0x00007ffb60ced000 	C:\Windows\SYSTEM32\AUDIOSES.DLL
0x00007ffb614c0000 - 0x00007ffb614cd000 	C:\Windows\SYSTEM32\msacm32.drv
0x00007ffb5d7c0000 - 0x00007ffb5d7dc000 	C:\Windows\SYSTEM32\MSACM32.dll
0x00007ffb614b0000 - 0x00007ffb614ba000 	C:\Windows\SYSTEM32\midimap.dll
0x00007ffb643c0000 - 0x00007ffb643d4000 	C:\Windows\SYSTEM32\resourcepolicyclient.dll

VM Arguments:
jvm_args: -Dfile.encoding=UTF-8 
java_command: GUI.principal
java_class_path (initial): C:\Users\Bryan\Documents\NetBeansProjects\poyecto-utomatas2\build\classes
Launcher Type: SUN_STANDARD

Environment Variables:
PATH=C:\Program Files\Python37\Scripts\;C:\Program Files\Python37\;C:\ProgramData\Oracle\Java\javapath;C:\Windows\system32;C:\Windows;C:\Windows\System32\Wbem;C:\Windows\System32\WindowsPowerShell\v1.0\;C:\Windows\System32\OpenSSH\;C:\Program Files\dotnet\;C:\Program Files\Microsoft SQL Server\130\Tools\Binn\;C:\Program Files\Microsoft SQL Server\Client SDK\ODBC\170\Tools\Binn\;C:\Program Files\MATLAB\R2015b\runtime\win64;C:\Program Files\MATLAB\R2015b\bin;C:\Program Files\MATLAB\R2015b\polyspace\bin;C:\Program Files (x86)\IVI Foundation\VISA\WinNT\Bin\;C:\Program Files\IVI Foundation\VISA\Win64\Bin\;C:\Program Files (x86)\IVI Foundation\VISA\WinNT\Bin;C:\Program Files\Git\cmd;C:\Program Files\Microsoft SQL Server\Client SDK\ODBC\130\Tools\Binn\;C:\Program Files (x86)\Microsoft SQL Server\140\Tools\Binn\;C:\Program Files\Microsoft SQL Server\140\Tools\Binn\;C:\Program Files\Microsoft SQL Server\140\DTS\Binn\;C:\Program Files (x86)\Microsoft SQL Server\150\DTS\Binn\;C:\Program Files (x86)\NVIDIA Corporation\PhysX\Common;C:\Program Files\NVIDIA Corporation\NVIDIA NvDLISR;C:\Program Files\nodejs\;C:\Program Files\Sublime Text 3;C:\Program Files\MongoDB\Server\4.2;C:\Ruby27-x64\bin;C:\Users\Bryan\AppData\Local\Programs\Python\Python37-32\Scripts\;C:\Users\Bryan\AppData\Local\Programs\Python\Python37-32\;C:\Users\Bryan\AppData\Local\Microsoft\WindowsApps;C:\Users\Bryan\AppData\Local\Programs\Microsoft VS Code\bin;C:\Program Files\JetBrains\PyCharm Community Edition 2019.2.1\bin;;C:\Users\Bryan\AppData\Roaming\npm;C:\Program Files\MongoDB\Server\4.2\bin;
USERNAME=Bryan
OS=Windows_NT
PROCESSOR_IDENTIFIER=Intel64 Family 6 Model 78 Stepping 3, GenuineIntel



---------------  S Y S T E M  ---------------

OS: Windows 10.0 , 64 bit Build 18362 (10.0.18362.329)

CPU:total 4 (2 cores per cpu, 2 threads per core) family 6 model 78 stepping 3, cmov, cx8, fxsr, mmx, sse, sse2, sse3, ssse3, sse4.1, sse4.2, popcnt, avx, avx2, aes, clmul, erms, 3dnowpref, lzcnt, ht, tsc, tscinvbit, bmi1, bmi2, adx

Memory: 4k page, physical 12459424k(3225432k free), swap 12459424k(3048k free)

vm_info: Java HotSpot(TM) 64-Bit Server VM (25.111-b14) for windows-amd64 JRE (1.8.0_111-b14), built on Sep 22 2016 19:24:05 by "java_re" with MS VC++ 10.0 (VS2010)

time: Mon Mar 16 23:59:36 2020
elapsed time: 12 seconds (0d 0h 0m 12s)

