#
# There is insufficient memory for the Java Runtime Environment to continue.
# Native memory allocation (malloc) failed to allocate 45568 bytes for Chunk::new
# Possible reasons:
#   The system is out of physical RAM or swap space
#   In 32 bit mode, the process size limit was hit
# Possible solutions:
#   Reduce memory load on the system
#   Increase physical memory or swap space
#   Check if swap backing store is full
#   Use 64 bit Java on a 64 bit OS
#   Decrease Java heap size (-Xmx/-Xms)
#   Decrease number of Java threads
#   Decrease Java thread stack sizes (-Xss)
#   Set larger code cache with -XX:ReservedCodeCacheSize=
# This output file may be truncated or incomplete.
#
#  Out of Memory Error (allocation.cpp:390), pid=6780, tid=0x00000000000026e8
#
# JRE version: Java(TM) SE Runtime Environment (8.0_111-b14) (build 1.8.0_111-b14)
# Java VM: Java HotSpot(TM) 64-Bit Server VM (25.111-b14 mixed mode windows-amd64 compressed oops)
# Failed to write core dump. Minidumps are not enabled by default on client versions of Windows
#

---------------  T H R E A D  ---------------

Current thread (0x00000000196dc000):  JavaThread "C2 CompilerThread0" daemon [_thread_in_native, id=9960, stack(0x000000001ad50000,0x000000001ae50000)]

Stack: [0x000000001ad50000,0x000000001ae50000]
[error occurred during error reporting (printing stack bounds), id 0xc0000005]

Native frames: (J=compiled Java code, j=interpreted, Vv=VM code, C=native code)


Current CompileTask:
C2:  16207 1722   !   4       javax.swing.JComponent::_paintImmediately (891 bytes)


---------------  P R O C E S S  ---------------

Java Threads: ( => current thread )
  0x000000001c63d800 JavaThread "Direct Clip" daemon [_thread_blocked, id=13044, stack(0x000000001f410000,0x000000001f510000)]
  0x000000001c63c800 JavaThread "Direct Clip" daemon [_thread_blocked, id=12272, stack(0x000000001f110000,0x000000001f210000)]
  0x000000001c63e000 JavaThread "Direct Clip" daemon [_thread_blocked, id=13516, stack(0x000000001ee10000,0x000000001ef10000)]
  0x000000001c63b000 JavaThread "Direct Clip" daemon [_thread_blocked, id=11620, stack(0x000000001f510000,0x000000001f610000)]
  0x000000001b241800 JavaThread "Java Sound Event Dispatcher" daemon [_thread_blocked, id=10960, stack(0x000000001ea10000,0x000000001eb10000)]
  0x000000001c381000 JavaThread "TimerQueue" daemon [_thread_blocked, id=6996, stack(0x000000001e330000,0x000000001e430000)]
  0x000000001c36d800 JavaThread "Thread-5" [_thread_blocked, id=14440, stack(0x000000001d930000,0x000000001da30000)]
  0x000000001c09a800 JavaThread "Thread-3" [_thread_blocked, id=13336, stack(0x000000001cd20000,0x000000001ce20000)]
  0x000000001c099800 JavaThread "Thread-2" [_thread_blocked, id=12840, stack(0x000000001cc20000,0x000000001cd20000)]
  0x000000001c205000 JavaThread "Thread-1" [_thread_blocked, id=12872, stack(0x000000001cb20000,0x000000001cc20000)]
  0x00000000003fe000 JavaThread "DestroyJavaVM" [_thread_blocked, id=2972, stack(0x0000000002460000,0x0000000002560000)]
  0x000000001c064800 JavaThread "AWT-EventQueue-0" [_thread_in_native, id=14740, stack(0x000000001c820000,0x000000001c920000)]
  0x000000001b3f7000 JavaThread "AWT-Windows" daemon [_thread_in_native, id=15636, stack(0x000000001b9c0000,0x000000001bac0000)]
  0x000000001b3f4000 JavaThread "AWT-Shutdown" [_thread_blocked, id=14964, stack(0x000000001b8c0000,0x000000001b9c0000)]
  0x000000001b43d000 JavaThread "Java2D Disposer" daemon [_thread_blocked, id=12084, stack(0x000000001b7c0000,0x000000001b8c0000)]
  0x000000001972e800 JavaThread "Service Thread" daemon [_thread_blocked, id=10228, stack(0x000000001b450000,0x000000001b550000)]
  0x00000000196d1000 JavaThread "C1 CompilerThread2" daemon [_thread_blocked, id=2660, stack(0x000000001af50000,0x000000001b050000)]
  0x00000000196ca800 JavaThread "C2 CompilerThread1" daemon [_thread_blocked, id=5356, stack(0x000000001ae50000,0x000000001af50000)]
=>0x00000000196dc000 JavaThread "C2 CompilerThread0" daemon [_thread_in_native, id=9960, stack(0x000000001ad50000,0x000000001ae50000)]
  0x00000000196d7800 JavaThread "Attach Listener" daemon [_thread_blocked, id=12456, stack(0x000000001ac50000,0x000000001ad50000)]
  0x00000000196d6000 JavaThread "Signal Dispatcher" daemon [_thread_blocked, id=708, stack(0x000000001ab50000,0x000000001ac50000)]
  0x000000000265a000 JavaThread "Finalizer" daemon [_thread_blocked, id=5140, stack(0x000000001a920000,0x000000001aa20000)]
  0x0000000002651000 JavaThread "Reference Handler" daemon [_thread_blocked, id=15404, stack(0x000000001a820000,0x000000001a920000)]

Other Threads:
  0x0000000019697000 VMThread [stack: 0x000000001a720000,0x000000001a820000] [id=14516]
  0x000000001b0a9800 WatcherThread [stack: 0x000000001b550000,0x000000001b650000] [id=9896]

VM state:not at safepoint (normal execution)

VM Mutex/Monitor currently owned by a thread: None

Heap:
 PSYoungGen      total 57344K, used 46760K [0x0000000780a00000, 0x0000000784a00000, 0x00000007c0000000)
  eden space 49152K, 95% used [0x0000000780a00000,0x00000007837aa230,0x0000000783a00000)
  from space 8192K, 0% used [0x0000000784200000,0x0000000784200000,0x0000000784a00000)
  to   space 8192K, 0% used [0x0000000783a00000,0x0000000783a00000,0x0000000784200000)
 ParOldGen       total 131072K, used 0K [0x0000000701e00000, 0x0000000709e00000, 0x0000000780a00000)
  object space 131072K, 0% used [0x0000000701e00000,0x0000000701e00000,0x0000000709e00000)
 Metaspace       used 14258K, capacity 14538K, committed 14720K, reserved 1062912K
  class space    used 1790K, capacity 1873K, committed 1920K, reserved 1048576K

Card table byte_map: [0x0000000011a20000,0x0000000012020000] byte_map_base: 0x000000000e211000

Marking Bits: (ParMarkBitMap*) 0x0000000068d6a6c0
 Begin Bits: [0x0000000012820000, 0x00000000157a8000)
 End Bits:   [0x00000000157a8000, 0x0000000018730000)

Polling page: 0x00000000023e0000

CodeCache: size=245760Kb used=5723Kb max_used=5723Kb free=240036Kb
 bounds [0x0000000002660000, 0x0000000002c00000, 0x0000000011660000]
 total_blobs=2251 nmethods=1742 adapters=420
 compilation: enabled

Compilation events (10 events):
Event: 15.921 Thread 0x00000000196d1000 1739   !   3       java.io.BufferedWriter::flushBuffer (53 bytes)
Event: 15.921 Thread 0x00000000196d1000 nmethod 1739 0x0000000002bf4190 code [0x0000000002bf4340, 0x0000000002bf4938]
Event: 15.971 Thread 0x00000000196d1000 1740       1       com.sun.media.sound.AbstractDataLine::isActive (5 bytes)
Event: 15.971 Thread 0x00000000196d1000 nmethod 1740 0x0000000002bf36d0 code [0x0000000002bf3820, 0x0000000002bf3930]
Event: 15.971 Thread 0x00000000196d1000 1741       1       com.sun.media.sound.AbstractDataLine::getBufferSize (5 bytes)
Event: 15.972 Thread 0x00000000196d1000 nmethod 1741 0x0000000002bf3ed0 code [0x0000000002bf4020, 0x0000000002bf4130]
Event: 15.981 Thread 0x00000000196d1000 1742   !   3       com.sun.media.sound.DirectAudioDevice$DirectDL::write (339 bytes)
Event: 15.984 Thread 0x00000000196d1000 nmethod 1742 0x0000000002bf80d0 code [0x0000000002bf8440, 0x0000000002bfa7b8]
Event: 15.984 Thread 0x00000000196d1000 1743       3       com.sun.media.sound.DirectAudioDevice::access$1800 (15 bytes)
Event: 15.984 Thread 0x00000000196d1000 nmethod 1743 0x0000000002bf7d50 code [0x0000000002bf7ec0, 0x0000000002bf8028]

GC Heap History (0 events):
No events

Deoptimization events (10 events):
Event: 0.734 Thread 0x000000001c064800 Uncommon trap: reason=bimorphic action=maybe_recompile pc=0x00000000028b1d34 method=java.util.HashMap.putVal(ILjava/lang/Object;Ljava/lang/Object;ZZ)Ljava/lang/Object; @ 152
Event: 0.736 Thread 0x000000001c064800 Uncommon trap: reason=bimorphic action=maybe_recompile pc=0x00000000028b1d34 method=java.util.HashMap.putVal(ILjava/lang/Object;Ljava/lang/Object;ZZ)Ljava/lang/Object; @ 152
Event: 0.740 Thread 0x000000001c064800 Uncommon trap: reason=bimorphic action=maybe_recompile pc=0x00000000028b1d34 method=java.util.HashMap.putVal(ILjava/lang/Object;Ljava/lang/Object;ZZ)Ljava/lang/Object; @ 152
Event: 0.784 Thread 0x000000001c064800 Uncommon trap: reason=unstable_if action=reinterpret pc=0x00000000028f91f4 method=javax.swing.JComponent.getClientProperty(Ljava/lang/Object;)Ljava/lang/Object; @ 16
Event: 2.173 Thread 0x000000001c064800 Uncommon trap: reason=unstable_if action=reinterpret pc=0x0000000002847efc method=java.lang.String.<init>([CII)V @ 18
Event: 2.173 Thread 0x000000001c064800 Uncommon trap: reason=class_check action=maybe_recompile pc=0x00000000027d1d10 method=java.lang.String.equals(Ljava/lang/Object;)Z @ 8
Event: 2.173 Thread 0x000000001c064800 Uncommon trap: reason=class_check action=maybe_recompile pc=0x00000000027d1d10 method=java.lang.String.equals(Ljava/lang/Object;)Z @ 8
Event: 2.776 Thread 0x000000001c064800 Uncommon trap: reason=class_check action=maybe_recompile pc=0x00000000027d1d10 method=java.lang.String.equals(Ljava/lang/Object;)Z @ 8
Event: 2.776 Thread 0x000000001c064800 Uncommon trap: reason=class_check action=maybe_recompile pc=0x00000000027d1d10 method=java.lang.String.equals(Ljava/lang/Object;)Z @ 8
Event: 15.385 Thread 0x000000001c064800 Uncommon trap: reason=unstable_if action=reinterpret pc=0x0000000002bc5970 method=java.awt.EventQueue.postEvent(Ljava/awt/AWTEvent;I)V @ 6

Internal exceptions (10 events):
Event: 0.339 Thread 0x00000000003fe000 Exception <a 'java/lang/ClassNotFoundException': ToolBar> (0x0000000780dbd788) thrown at [C:\re\workspace\8-2-build-windows-amd64-cygwin\jdk8u111\7883\hotspot\src\share\vm\classfile\systemDictionary.cpp, line 210]
Event: 0.339 Thread 0x00000000003fe000 Exception <a 'java/lang/ClassNotFoundException': ToggleButton> (0x0000000780dbdd38) thrown at [C:\re\workspace\8-2-build-windows-amd64-cygwin\jdk8u111\7883\hotspot\src\share\vm\classfile\systemDictionary.cpp, line 210]
Event: 0.339 Thread 0x00000000003fe000 Exception <a 'java/lang/ClassNotFoundException': javax/swing/JToolBarSeparator> (0x0000000780dbe198) thrown at [C:\re\workspace\8-2-build-windows-amd64-cygwin\jdk8u111\7883\hotspot\src\share\vm\classfile\systemDictionary.cpp, line 210]
Event: 0.339 Thread 0x00000000003fe000 Exception <a 'java/lang/ClassNotFoundException': ToolBarSeparator> (0x0000000780dbe630) thrown at [C:\re\workspace\8-2-build-windows-amd64-cygwin\jdk8u111\7883\hotspot\src\share\vm\classfile\systemDictionary.cpp, line 210]
Event: 0.340 Thread 0x00000000003fe000 Exception <a 'java/lang/ClassNotFoundException': ToolTip> (0x0000000780dbed70) thrown at [C:\re\workspace\8-2-build-windows-amd64-cygwin\jdk8u111\7883\hotspot\src\share\vm\classfile\systemDictionary.cpp, line 210]
Event: 0.341 Thread 0x00000000003fe000 Exception <a 'java/lang/ClassNotFoundException': Tree> (0x0000000780dbf990) thrown at [C:\re\workspace\8-2-build-windows-amd64-cygwin\jdk8u111\7883\hotspot\src\share\vm\classfile\systemDictionary.cpp, line 210]
Event: 0.341 Thread 0x00000000003fe000 Exception <a 'java/lang/ClassNotFoundException': Tree> (0x0000000780dc00d0) thrown at [C:\re\workspace\8-2-build-windows-amd64-cygwin\jdk8u111\7883\hotspot\src\share\vm\classfile\systemDictionary.cpp, line 210]
Event: 0.341 Thread 0x00000000003fe000 Exception <a 'java/lang/ClassNotFoundException': javax/swing/JTreeCell> (0x0000000780dc0450) thrown at [C:\re\workspace\8-2-build-windows-amd64-cygwin\jdk8u111\7883\hotspot\src\share\vm\classfile\systemDictionary.cpp, line 210]
Event: 0.341 Thread 0x00000000003fe000 Exception <a 'java/lang/ClassNotFoundException': TreeCell> (0x0000000780dc08d8) thrown at [C:\re\workspace\8-2-build-windows-amd64-cygwin\jdk8u111\7883\hotspot\src\share\vm\classfile\systemDictionary.cpp, line 210]
Event: 0.342 Thread 0x00000000003fe000 Exception <a 'java/lang/ClassNotFoundException': RootPane> (0x0000000780dc1338) thrown at [C:\re\workspace\8-2-build-windows-amd64-cygwin\jdk8u111\7883\hotspot\src\share\vm\classfile\systemDictionary.cpp, line 210]

Events (10 events):
Event: 14.752 Thread 0x000000001c63e000 Thread added: 0x000000001c63e000
Event: 14.803 Thread 0x000000001c63c800 Thread added: 0x000000001c63c800
Event: 14.907 Thread 0x000000001c63d800 Thread added: 0x000000001c63d800
Event: 15.385 Thread 0x000000001c064800 Uncommon trap: trap_request=0xffffff65 fr.pc=0x0000000002bc5970
Event: 15.385 Thread 0x000000001c064800 DEOPT PACKING pc=0x0000000002bc5970 sp=0x000000001c91ea40
Event: 15.386 Thread 0x000000001c064800 DEOPT UNPACKING pc=0x00000000026a582a sp=0x000000001c91e918 mode 2
Event: 15.656 loading class java/awt/LightweightDispatcher$2
Event: 15.656 loading class java/awt/LightweightDispatcher$2 done
Event: 15.918 loading class java/util/IdentityHashMap$1
Event: 15.918 loading class java/util/IdentityHashMap$1 done


Dynamic libraries:
0x00007ff6e6370000 - 0x00007ff6e63a7000 	C:\Program Files\Java\jdk1.8.0_111\bin\java.exe
0x00007ffb68f20000 - 0x00007ffb69110000 	C:\Windows\SYSTEM32\ntdll.dll
0x00007ffb67f30000 - 0x00007ffb67fe2000 	C:\Windows\System32\KERNEL32.DLL
0x00007ffb66a00000 - 0x00007ffb66ca3000 	C:\Windows\System32\KERNELBASE.dll
0x00007ffb671a0000 - 0x00007ffb67243000 	C:\Windows\System32\ADVAPI32.dll
0x00007ffb68320000 - 0x00007ffb683be000 	C:\Windows\System32\msvcrt.dll
0x00007ffb683c0000 - 0x00007ffb68457000 	C:\Windows\System32\sechost.dll
0x00007ffb67ff0000 - 0x00007ffb68110000 	C:\Windows\System32\RPCRT4.dll
0x00007ffb672c0000 - 0x00007ffb67454000 	C:\Windows\System32\USER32.dll
0x00007ffb66790000 - 0x00007ffb667b1000 	C:\Windows\System32\win32u.dll
0x00007ffb68210000 - 0x00007ffb68236000 	C:\Windows\System32\GDI32.dll
0x00007ffb66860000 - 0x00007ffb669f4000 	C:\Windows\System32\gdi32full.dll
0x00007ffb667c0000 - 0x00007ffb6685e000 	C:\Windows\System32\msvcp_win.dll
0x00007ffb65eb0000 - 0x00007ffb65faa000 	C:\Windows\System32\ucrtbase.dll
0x00007ffb4f860000 - 0x00007ffb4fae5000 	C:\Windows\WinSxS\amd64_microsoft.windows.common-controls_6595b64144ccf1df_6.0.18362.720_none_e6beb5c51314836b\COMCTL32.dll
0x00007ffb67a10000 - 0x00007ffb67d46000 	C:\Windows\System32\combase.dll
0x00007ffb66d00000 - 0x00007ffb66d80000 	C:\Windows\System32\bcryptPrimitives.dll
0x00007ffb678d0000 - 0x00007ffb678fe000 	C:\Windows\System32\IMM32.DLL
0x0000000068470000 - 0x0000000068542000 	C:\Program Files\Java\jdk1.8.0_111\jre\bin\msvcr100.dll
0x0000000068550000 - 0x0000000068dea000 	C:\Program Files\Java\jdk1.8.0_111\jre\bin\server\jvm.dll
0x00007ffb68180000 - 0x00007ffb68188000 	C:\Windows\System32\PSAPI.DLL
0x00007ffb62bd0000 - 0x00007ffb62bf4000 	C:\Windows\SYSTEM32\WINMM.dll
0x00007ffb62110000 - 0x00007ffb62119000 	C:\Windows\SYSTEM32\WSOCK32.dll
0x00007ffb60f00000 - 0x00007ffb60f0a000 	C:\Windows\SYSTEM32\VERSION.dll
0x00007ffb67d50000 - 0x00007ffb67dbf000 	C:\Windows\System32\WS2_32.dll
0x00007ffb62ba0000 - 0x00007ffb62bcd000 	C:\Windows\SYSTEM32\WINMMBASE.dll
0x00007ffb66d80000 - 0x00007ffb66dca000 	C:\Windows\System32\cfgmgr32.dll
0x0000000068420000 - 0x000000006842f000 	C:\Program Files\Java\jdk1.8.0_111\jre\bin\verify.dll
0x00000000683f0000 - 0x0000000068419000 	C:\Program Files\Java\jdk1.8.0_111\jre\bin\java.dll
0x00000000683d0000 - 0x00000000683e6000 	C:\Program Files\Java\jdk1.8.0_111\jre\bin\zip.dll
0x00007ffb685e0000 - 0x00007ffb68cc5000 	C:\Windows\System32\SHELL32.dll
0x00007ffb67960000 - 0x00007ffb67a09000 	C:\Windows\System32\shcore.dll
0x00007ffb66010000 - 0x00007ffb66790000 	C:\Windows\System32\windows.storage.dll
0x00007ffb65e80000 - 0x00007ffb65ea3000 	C:\Windows\System32\profapi.dll
0x00007ffb65e10000 - 0x00007ffb65e5a000 	C:\Windows\System32\powrprof.dll
0x00007ffb65de0000 - 0x00007ffb65df0000 	C:\Windows\System32\UMPDC.dll
0x00007ffb67250000 - 0x00007ffb672a2000 	C:\Windows\System32\shlwapi.dll
0x00007ffb65e60000 - 0x00007ffb65e71000 	C:\Windows\System32\kernel.appcore.dll
0x00007ffb66cb0000 - 0x00007ffb66cc7000 	C:\Windows\System32\cryptsp.dll
0x00000000681f0000 - 0x0000000068388000 	C:\Program Files\Java\jdk1.8.0_111\jre\bin\awt.dll
0x00007ffb68cd0000 - 0x00007ffb68d94000 	C:\Windows\System32\OLEAUT32.dll
0x00007ffb640b0000 - 0x00007ffb6413f000 	C:\Windows\SYSTEM32\apphelp.dll
0x00007ffb644b0000 - 0x00007ffb64549000 	C:\Windows\system32\uxtheme.dll
0x00007ffb68da0000 - 0x00007ffb68ed6000 	C:\Windows\System32\MSCTF.dll
0x00007ffb67dd0000 - 0x00007ffb67f27000 	C:\Windows\System32\ole32.dll
0x00007ffb64690000 - 0x00007ffb646bd000 	C:\Windows\system32\DWMAPI.DLL
0x00000000681a0000 - 0x00000000681e7000 	C:\Program Files\Java\jdk1.8.0_111\jre\bin\fontmanager.dll
0x00007ffb68530000 - 0x00007ffb685d2000 	C:\Windows\System32\clbcatq.dll
0x00007ffb5dd20000 - 0x00007ffb5decf000 	C:\Windows\SYSTEM32\WindowsCodecs.dll
0x00007ffb4cb30000 - 0x00007ffb4cb6a000 	C:\Windows\system32\dataexchange.dll
0x00007ffb63950000 - 0x00007ffb63b2b000 	C:\Windows\system32\dcomp.dll
0x00007ffb62c00000 - 0x00007ffb62e5b000 	C:\Windows\system32\d3d11.dll
0x00007ffb64ae0000 - 0x00007ffb64bcb000 	C:\Windows\system32\dxgi.dll
0x00007ffb64a50000 - 0x00007ffb64a70000 	C:\Windows\SYSTEM32\dxcore.dll
0x00007ffb64160000 - 0x00007ffb643ba000 	C:\Windows\system32\twinapi.appcore.dll
0x00007ffb64660000 - 0x00007ffb64689000 	C:\Windows\system32\RMCLIENT.dll
0x00000000683b0000 - 0x00000000683ca000 	C:\Program Files\Java\jdk1.8.0_111\jre\bin\net.dll
0x00007ffb655f0000 - 0x00007ffb65657000 	C:\Windows\system32\mswsock.dll
0x0000000068390000 - 0x00000000683a1000 	C:\Program Files\Java\jdk1.8.0_111\jre\bin\nio.dll
0x0000000068150000 - 0x0000000068192000 	C:\Program Files\Java\jdk1.8.0_111\jre\bin\t2k.dll
0x00007ffb5fdc0000 - 0x00007ffb5fe5e000 	C:\Windows\System32\TextInputFramework.dll
0x00007ffb5f5f0000 - 0x00007ffb5f91a000 	C:\Windows\System32\CoreUIComponents.dll
0x00007ffb63b30000 - 0x00007ffb63c04000 	C:\Windows\System32\CoreMessaging.dll
0x00007ffb64e40000 - 0x00007ffb64e71000 	C:\Windows\SYSTEM32\ntmarta.dll
0x00007ffb61c00000 - 0x00007ffb61d53000 	C:\Windows\SYSTEM32\wintypes.dll
0x0000000068110000 - 0x000000006813a000 	C:\Program Files\Java\jdk1.8.0_111\jre\bin\dcpr.dll
0x00007ffb5c590000 - 0x00007ffb5c836000 	C:\Windows\System32\iertutil.dll
0x00000000680a0000 - 0x00000000680ac000 	C:\Program Files\Java\jdk1.8.0_111\jre\bin\jsound.dll
0x0000000068090000 - 0x000000006809b000 	C:\Program Files\Java\jdk1.8.0_111\jre\bin\jsoundds.dll
0x00007ffb47660000 - 0x00007ffb476f9000 	C:\Windows\SYSTEM32\DSOUND.dll
0x00007ffb60ab0000 - 0x00007ffb60b22000 	C:\Windows\SYSTEM32\MMDevAPI.DLL
0x00007ffb65b80000 - 0x00007ffb65baa000 	C:\Windows\SYSTEM32\DEVOBJ.dll
0x00007ffb5d3f0000 - 0x00007ffb5d434000 	C:\Windows\SYSTEM32\wdmaud.drv
0x00007ffb614d0000 - 0x00007ffb614d9000 	C:\Windows\SYSTEM32\ksuser.dll
0x00007ffb5fcd0000 - 0x00007ffb5fcda000 	C:\Windows\SYSTEM32\AVRT.dll
0x00007ffb60b90000 - 0x00007ffb60ced000 	C:\Windows\SYSTEM32\AUDIOSES.DLL
0x00007ffb614c0000 - 0x00007ffb614cd000 	C:\Windows\SYSTEM32\msacm32.drv
0x00007ffb5d7c0000 - 0x00007ffb5d7dc000 	C:\Windows\SYSTEM32\MSACM32.dll
0x00007ffb614b0000 - 0x00007ffb614ba000 	C:\Windows\SYSTEM32\midimap.dll
0x00007ffb643c0000 - 0x00007ffb643d4000 	C:\Windows\SYSTEM32\resourcepolicyclient.dll
0x00007ffb61180000 - 0x00007ffb612d1000 	C:\Windows\System32\Windows.UI.dll
0x00007ffb60340000 - 0x00007ffb6045a000 	C:\Windows\System32\InputHost.dll
0x00007ffb627b0000 - 0x00007ffb6289f000 	C:\Windows\System32\PROPSYS.dll

VM Arguments:
jvm_args: -Dfile.encoding=UTF-8 
java_command: GUI.principal
java_class_path (initial): C:\Users\Bryan\Documents\NetBeansProjects\poyecto-utomatas2\build\classes
Launcher Type: SUN_STANDARD

Environment Variables:
PATH=C:\Program Files\Python37\Scripts\;C:\Program Files\Python37\;C:\ProgramData\Oracle\Java\javapath;C:\Windows\system32;C:\Windows;C:\Windows\System32\Wbem;C:\Windows\System32\WindowsPowerShell\v1.0\;C:\Windows\System32\OpenSSH\;C:\Program Files\dotnet\;C:\Program Files\Microsoft SQL Server\130\Tools\Binn\;C:\Program Files\Microsoft SQL Server\Client SDK\ODBC\170\Tools\Binn\;C:\Program Files\MATLAB\R2015b\runtime\win64;C:\Program Files\MATLAB\R2015b\bin;C:\Program Files\MATLAB\R2015b\polyspace\bin;C:\Program Files (x86)\IVI Foundation\VISA\WinNT\Bin\;C:\Program Files\IVI Foundation\VISA\Win64\Bin\;C:\Program Files (x86)\IVI Foundation\VISA\WinNT\Bin;C:\Program Files\Git\cmd;C:\Program Files\Microsoft SQL Server\Client SDK\ODBC\130\Tools\Binn\;C:\Program Files (x86)\Microsoft SQL Server\140\Tools\Binn\;C:\Program Files\Microsoft SQL Server\140\Tools\Binn\;C:\Program Files\Microsoft SQL Server\140\DTS\Binn\;C:\Program Files (x86)\Microsoft SQL Server\150\DTS\Binn\;C:\Program Files (x86)\NVIDIA Corporation\PhysX\Common;C:\Program Files\NVIDIA Corporation\NVIDIA NvDLISR;C:\Program Files\nodejs\;C:\Program Files\Sublime Text 3;C:\Program Files\MongoDB\Server\4.2;C:\Ruby27-x64\bin;C:\Users\Bryan\AppData\Local\Programs\Python\Python37-32\Scripts\;C:\Users\Bryan\AppData\Local\Programs\Python\Python37-32\;C:\Users\Bryan\AppData\Local\Microsoft\WindowsApps;C:\Users\Bryan\AppData\Local\Programs\Microsoft VS Code\bin;C:\Program Files\JetBrains\PyCharm Community Edition 2019.2.1\bin;;C:\Users\Bryan\AppData\Roaming\npm;C:\Program Files\MongoDB\Server\4.2\bin;
USERNAME=Bryan
OS=Windows_NT
PROCESSOR_IDENTIFIER=Intel64 Family 6 Model 78 Stepping 3, GenuineIntel



---------------  S Y S T E M  ---------------

OS: Windows 10.0 , 64 bit Build 18362 (10.0.18362.329)

CPU:total 4 (2 cores per cpu, 2 threads per core) family 6 model 78 stepping 3, cmov, cx8, fxsr, mmx, sse, sse2, sse3, ssse3, sse4.1, sse4.2, popcnt, avx, avx2, aes, clmul, erms, 3dnowpref, lzcnt, ht, tsc, tscinvbit, bmi1, bmi2, adx

Memory: 4k page, physical 12459424k(3199076k free), swap 12459424k(3080k free)

vm_info: Java HotSpot(TM) 64-Bit Server VM (25.111-b14) for windows-amd64 JRE (1.8.0_111-b14), built on Sep 22 2016 19:24:05 by "java_re" with MS VC++ 10.0 (VS2010)

time: Mon Mar 16 23:59:07 2020
elapsed time: 16 seconds (0d 0h 0m 16s)

